0 info it worked if it ends with ok
1 verbose cli [ '/usr/local/bin/node', '/usr/local/bin/npm', 'run', 'build' ]
2 info using npm@3.10.10
3 info using node@v6.11.0
4 verbose run-script [ 'prebuild', 'build', 'postbuild' ]
5 info lifecycle tsmean@1.0.0~prebuild: tsmean@1.0.0
6 silly lifecycle tsmean@1.0.0~prebuild: no script for prebuild, continuing
7 info lifecycle tsmean@1.0.0~build: tsmean@1.0.0
8 verbose lifecycle tsmean@1.0.0~build: unsafe-perm in lifecycle true
9 verbose lifecycle tsmean@1.0.0~build: PATH: /usr/local/lib/node_modules/npm/bin/node-gyp-bin:/Users/Bersling/Desktop/IT-Projects/ts/tsmean-amp/node_modules/.bin:/Library/Frameworks/Python.framework/Versions/3.4/bin:/opt/local/bin:/opt/local/sbin:/usr/local/bin:/usr/local/bin:/usr/bin:/Applications/MAMP/Library/bin:/Applications/MAMP/bin/php5.5.14/bin:/Users/Bersling/.rvm/gems/ruby-1.9.3-p547/bin:/Users/Bersling/.rvm/gems/ruby-1.9.3-p547@global/bin:/Users/Bersling/.rvm/rubies/ruby-1.9.3-p547/bin:/usr/local/bin:/usr/local/sbin:~/bin:/usr/local/bin:/usr/bin:/bin:/usr/sbin:/sbin:/opt/X11/bin:/opt/ImageMagick/bin:/Library/TeX/texbin:/Users/Bersling/.rvm/bin:/Users/Bersling/Desktop/ScalaPlay/activator-1.2.12-minimal:/Applications/writer2latex15
10 verbose lifecycle tsmean@1.0.0~build: CWD: /Users/Bersling/Desktop/IT-Projects/ts/tsmean-amp
11 silly lifecycle tsmean@1.0.0~build: Args: [ '-c',
11 silly lifecycle   'rm -rf dist && mkdir -p dist && cp -r img dist && npm run mustache' ]
12 silly lifecycle tsmean@1.0.0~build: Returned: code: 1  signal: null
13 info lifecycle tsmean@1.0.0~build: Failed to exec build script
14 verbose stack Error: tsmean@1.0.0 build: `rm -rf dist && mkdir -p dist && cp -r img dist && npm run mustache`
14 verbose stack Exit status 1
14 verbose stack     at EventEmitter.<anonymous> (/usr/local/lib/node_modules/npm/lib/utils/lifecycle.js:255:16)
14 verbose stack     at emitTwo (events.js:106:13)
14 verbose stack     at EventEmitter.emit (events.js:191:7)
14 verbose stack     at ChildProcess.<anonymous> (/usr/local/lib/node_modules/npm/lib/utils/spawn.js:40:14)
14 verbose stack     at emitTwo (events.js:106:13)
14 verbose stack     at ChildProcess.emit (events.js:191:7)
14 verbose stack     at maybeClose (internal/child_process.js:891:16)
14 verbose stack     at Process.ChildProcess._handle.onexit (internal/child_process.js:226:5)
15 verbose pkgid tsmean@1.0.0
16 verbose cwd /Users/Bersling/Desktop/IT-Projects/ts/tsmean-amp
17 error Darwin 16.5.0
18 error argv "/usr/local/bin/node" "/usr/local/bin/npm" "run" "build"
19 error node v6.11.0
20 error npm  v3.10.10
21 error code ELIFECYCLE
22 error tsmean@1.0.0 build: `rm -rf dist && mkdir -p dist && cp -r img dist && npm run mustache`
22 error Exit status 1
23 error Failed at the tsmean@1.0.0 build script 'rm -rf dist && mkdir -p dist && cp -r img dist && npm run mustache'.
23 error Make sure you have the latest version of node.js and npm installed.
23 error If you do, this is most likely a problem with the tsmean package,
23 error not with npm itself.
23 error Tell the author that this fails on your system:
23 error     rm -rf dist && mkdir -p dist && cp -r img dist && npm run mustache
23 error You can get information on how to open an issue for this project with:
23 error     npm bugs tsmean
23 error Or if that isn't available, you can get their info via:
23 error     npm owner ls tsmean
23 error There is likely additional logging output above.
24 verbose exit [ 1, true ]
